{"/Users/lzrgibson/workspace/restaurant-staff/backend/src/helper.js": {"path":"/Users/lzrgibson/workspace/restaurant-staff/backend/src/helper.js","statementMap":{"0":{"start":{"line":1,"column":0},"end":{"line":28,"column":1}},"1":{"start":{"line":4,"column":4},"end":{"line":25,"column":5}},"2":{"start":{"line":6,"column":8},"end":{"line":8,"column":10}},"3":{"start":{"line":10,"column":8},"end":{"line":12,"column":10}},"4":{"start":{"line":14,"column":8},"end":{"line":16,"column":10}},"5":{"start":{"line":18,"column":8},"end":{"line":20,"column":10}},"6":{"start":{"line":22,"column":8},"end":{"line":24,"column":10}}},"fnMap":{"0":{"name":"(anonymous_0)","decl":{"start":{"line":2,"column":15},"end":{"line":2,"column":16}},"loc":{"start":{"line":2,"column":26},"end":{"line":27,"column":3}},"line":2}},"branchMap":{"0":{"loc":{"start":{"line":4,"column":4},"end":{"line":25,"column":5}},"type":"switch","locations":[{"start":{"line":5,"column":6},"end":{"line":8,"column":10}},{"start":{"line":9,"column":6},"end":{"line":12,"column":10}},{"start":{"line":13,"column":6},"end":{"line":16,"column":10}},{"start":{"line":17,"column":6},"end":{"line":20,"column":10}},{"start":{"line":21,"column":6},"end":{"line":24,"column":10}}],"line":4}},"s":{"0":2,"1":6,"2":2,"3":1,"4":1,"5":1,"6":1},"f":{"0":6},"b":{"0":[2,1,1,1,1]},"_coverageSchema":"1a1c01bbd47fc00a2c39e90264f33305004495a9","hash":"6f9a92d83452022efc6843b82f7bbe4171711350"}
,"/Users/lzrgibson/workspace/restaurant-staff/backend/src/service.js": {"path":"/Users/lzrgibson/workspace/restaurant-staff/backend/src/service.js","statementMap":{"0":{"start":{"line":1,"column":14},"end":{"line":1,"column":37}},"1":{"start":{"line":2,"column":15},"end":{"line":2,"column":36}},"2":{"start":{"line":3,"column":10},"end":{"line":3,"column":29}},"3":{"start":{"line":5,"column":0},"end":{"line":31,"column":1}},"4":{"start":{"line":8,"column":4},"end":{"line":10,"column":8}},"5":{"start":{"line":14,"column":4},"end":{"line":28,"column":8}},"6":{"start":{"line":20,"column":10},"end":{"line":20,"column":35}},"7":{"start":{"line":21,"column":6},"end":{"line":27,"column":8}}},"fnMap":{"0":{"name":"(anonymous_0)","decl":{"start":{"line":7,"column":18},"end":{"line":7,"column":19}},"loc":{"start":{"line":7,"column":30},"end":{"line":11,"column":3}},"line":7},"1":{"name":"(anonymous_1)","decl":{"start":{"line":13,"column":12},"end":{"line":13,"column":13}},"loc":{"start":{"line":13,"column":32},"end":{"line":29,"column":3}},"line":13},"2":{"name":"(anonymous_2)","decl":{"start":{"line":16,"column":19},"end":{"line":16,"column":20}},"loc":{"start":{"line":16,"column":24},"end":{"line":28,"column":5}},"line":16}},"branchMap":{},"s":{"0":1,"1":1,"2":1,"3":1,"4":1,"5":1,"6":1,"7":1},"f":{"0":1,"1":1,"2":1},"b":{},"_coverageSchema":"1a1c01bbd47fc00a2c39e90264f33305004495a9","hash":"e9845b0d3c84638263cece0a8ff3e590b68fe5dd"}
,"/Users/lzrgibson/workspace/restaurant-staff/backend/src/db/mongo.js": {"path":"/Users/lzrgibson/workspace/restaurant-staff/backend/src/db/mongo.js","statementMap":{"0":{"start":{"line":1,"column":0},"end":{"line":1,"column":28}},"1":{"start":{"line":2,"column":17},"end":{"line":2,"column":38}},"2":{"start":{"line":3,"column":18},"end":{"line":3,"column":39}},"3":{"start":{"line":7,"column":0},"end":{"line":7,"column":30}},"4":{"start":{"line":8,"column":13},"end":{"line":8,"column":32}},"5":{"start":{"line":9,"column":0},"end":{"line":9,"column":72}},"6":{"start":{"line":10,"column":0},"end":{"line":10,"column":78}},"7":{"start":{"line":12,"column":0},"end":{"line":12,"column":26}}},"fnMap":{},"branchMap":{},"s":{"0":1,"1":1,"2":1,"3":1,"4":1,"5":1,"6":1,"7":1},"f":{},"b":{},"_coverageSchema":"1a1c01bbd47fc00a2c39e90264f33305004495a9","hash":"80a5ff4286430a1628b79c8623b8129b4c66f50b"}
,"/Users/lzrgibson/workspace/restaurant-staff/backend/src/db/staff.js": {"path":"/Users/lzrgibson/workspace/restaurant-staff/backend/src/db/staff.js","statementMap":{"0":{"start":{"line":1,"column":17},"end":{"line":1,"column":37}},"1":{"start":{"line":4,"column":4},"end":{"line":4,"column":12}},"2":{"start":{"line":7,"column":20},"end":{"line":14,"column":3}},"3":{"start":{"line":16,"column":0},"end":{"line":16,"column":65}}},"fnMap":{},"branchMap":{},"s":{"0":1,"1":1,"2":1,"3":1},"f":{},"b":{},"_coverageSchema":"1a1c01bbd47fc00a2c39e90264f33305004495a9","hash":"a1bb0e0c906bad29afbc588bde22439ee9957c6b"}
}
