TN:
SF:src/helper.js
FN:2,(anonymous_0)
FNF:1
FNH:1
FNDA:6,(anonymous_0)
DA:1,2
DA:4,6
DA:6,2
DA:10,1
DA:14,1
DA:18,1
DA:22,1
LF:7
LH:7
BRDA:4,0,0,2
BRDA:4,0,1,1
BRDA:4,0,2,1
BRDA:4,0,3,1
BRDA:4,0,4,1
BRF:5
BRH:5
end_of_record
TN:
SF:src/service.js
FN:7,(anonymous_0)
FN:13,(anonymous_1)
FN:16,(anonymous_2)
FNF:3
FNH:3
FNDA:1,(anonymous_0)
FNDA:1,(anonymous_1)
FNDA:1,(anonymous_2)
DA:1,1
DA:2,1
DA:3,1
DA:5,1
DA:8,1
DA:14,1
DA:20,1
DA:21,1
LF:8
LH:8
BRF:0
BRH:0
end_of_record
TN:
SF:src/db/mongo.js
FNF:0
FNH:0
DA:1,1
DA:2,1
DA:3,1
DA:7,1
DA:8,1
DA:9,1
DA:10,1
DA:12,1
LF:8
LH:8
BRF:0
BRH:0
end_of_record
TN:
SF:src/db/staff.js
FNF:0
FNH:0
DA:1,1
DA:4,1
DA:7,1
DA:16,1
LF:4
LH:4
BRF:0
BRH:0
end_of_record
